c:\users\matia\desktop\battlemonster-main\experimentobattlelmonster\debug\vc143.pdb
c:\users\matia\desktop\battlemonster-main\experimentobattlelmonster\debug\vc143.idb
c:\users\matia\desktop\battlemonster-main\experimentobattlelmonster\debug\viewcriature.obj
c:\users\matia\desktop\battlemonster-main\experimentobattlelmonster\debug\view1.obj
c:\users\matia\desktop\battlemonster-main\experimentobattlelmonster\debug\view.obj
c:\users\matia\desktop\battlemonster-main\experimentobattlelmonster\debug\statsenum.obj
c:\users\matia\desktop\battlemonster-main\experimentobattlelmonster\debug\skill.obj
c:\users\matia\desktop\battlemonster-main\experimentobattlelmonster\debug\screen.obj
c:\users\matia\desktop\battlemonster-main\experimentobattlelmonster\debug\main.obj
c:\users\matia\desktop\battlemonster-main\experimentobattlelmonster\debug\movement.obj
c:\users\matia\desktop\battlemonster-main\experimentobattlelmonster\debug\gamemanager.obj
c:\users\matia\desktop\battlemonster-main\experimentobattlelmonster\debug\drawbase.obj
c:\users\matia\desktop\battlemonster-main\experimentobattlelmonster\debug\spritedracore.obj
c:\users\matia\desktop\battlemonster-main\experimentobattlelmonster\debug\soundmanager.obj
c:\users\matia\desktop\battlemonster-main\experimentobattlelmonster\debug\menus.obj
c:\users\matia\desktop\battlemonster-main\experimentobattlelmonster\debug\creature.obj
c:\users\matia\desktop\battlemonster-main\experimentobattlelmonster\debug\attack.obj
c:\users\matia\desktop\battlemonster-main\experimentobattlelmonster\debug\arena.obj
c:\users\matia\desktop\battlemonster-main\debug\experimentobattlelmonster.pdb
c:\users\matia\desktop\battlemonster-main\experimentobattlelmonster\debug\experime.8cfefe0b.tlog\cl.command.1.tlog
c:\users\matia\desktop\battlemonster-main\experimentobattlelmonster\debug\experime.8cfefe0b.tlog\cl.read.1.tlog
c:\users\matia\desktop\battlemonster-main\experimentobattlelmonster\debug\experime.8cfefe0b.tlog\cl.write.1.tlog
c:\users\matia\desktop\battlemonster-main\experimentobattlelmonster\debug\experime.8cfefe0b.tlog\link-cvtres.read.1.tlog
c:\users\matia\desktop\battlemonster-main\experimentobattlelmonster\debug\experime.8cfefe0b.tlog\link-cvtres.write.1.tlog
c:\users\matia\desktop\battlemonster-main\experimentobattlelmonster\debug\experime.8cfefe0b.tlog\link-rc.read.1.tlog
c:\users\matia\desktop\battlemonster-main\experimentobattlelmonster\debug\experime.8cfefe0b.tlog\link-rc.write.1.tlog
c:\users\matia\desktop\battlemonster-main\experimentobattlelmonster\debug\experime.8cfefe0b.tlog\link.command.1.tlog
c:\users\matia\desktop\battlemonster-main\experimentobattlelmonster\debug\experime.8cfefe0b.tlog\link.read.1.tlog
c:\users\matia\desktop\battlemonster-main\experimentobattlelmonster\debug\experime.8cfefe0b.tlog\link.write.1.tlog
